<?xml version="1.0" encoding="UTF-8"?>
<!-- Generated by org.testng.reporters.JUnitXMLReporter -->
<testsuite ignored="0" hostname="LAPTOP-H9QJJESB" failures="0" tests="5" name="Default test" time="11.495" errors="0" timestamp="2023-12-23T01:38:22 IST">
  <testcase classname="com.medicare.Test.RegisterPageTest" name="test_click_register_link" time="1.868"/>
  <testcase classname="com.medicare.Test.RegisterPageTest" name="test_getTitle_page" time="0.019"/>
  <testcase classname="com.medicare.Test.RegisterPageTest" name="Test_register_user" time="5.573"/>
  <testcase classname="com.medicare.Test.RegisterPageTest" name="Test_validate_registration_URL" time="0.148"/>
  <testcase classname="com.medicare.Test.RegisterPageTest" name="Test_validate_registration_Text" time="0.047"/>
</testsuite> <!-- Default test -->
