<?xml version="1.0" encoding="UTF-8"?>
<!-- Generated by org.testng.reporters.JUnitXMLReporter -->
<testsuite ignored="0" hostname="LAPTOP-H9QJJESB" failures="0" tests="6" name="Default test" time="2.071" errors="0" timestamp="2023-12-23T00:26:34 IST">
  <testcase classname="capstoneProject_Medicare.GetAllMedicine" name="get_all_products" time="1.478"/>
  <testcase classname="capstoneProject_Medicare.GetAllMedicine" name="get_all_users" time="0.02"/>
  <testcase classname="capstoneProject_Medicare.GetAllMedicine" name="add_Product" time="0.377"/>
  <testcase classname="capstoneProject_Medicare.GetAllMedicine" name="update_ProductName" time="0.028"/>
  <testcase classname="capstoneProject_Medicare.GetAllMedicine" name="update_ProductStatus" time="0.021"/>
  <testcase classname="capstoneProject_Medicare.GetAllMedicine" name="deleteProduct" time="0.028"/>
</testsuite> <!-- Default test -->
