<?xml version="1.0" encoding="UTF-8"?>
<testng-results ignored="0" total="6" passed="6" failed="0" skipped="0">
  <reporter-output>
  </reporter-output>
  <suite started-at="2023-12-23T00:26:32 IST" name="Default suite" finished-at="2023-12-23T00:26:34 IST" duration-ms="2071">
    <groups>
    </groups>
    <test started-at="2023-12-23T00:26:32 IST" name="Default test" finished-at="2023-12-23T00:26:34 IST" duration-ms="2071">
      <class name="capstoneProject_Medicare.GetAllMedicine">
        <test-method signature="get_all_products()[pri:1, instance:capstoneProject_Medicare.GetAllMedicine@5af3afd9]" started-at="2023-12-23T00:26:32 IST" name="get_all_products" finished-at="2023-12-23T00:26:33 IST" duration-ms="1478" status="PASS">
          <reporter-output>
          </reporter-output>
        </test-method> <!-- get_all_products -->
        <test-method signature="get_all_users()[pri:2, instance:capstoneProject_Medicare.GetAllMedicine@5af3afd9]" started-at="2023-12-23T00:26:33 IST" name="get_all_users" finished-at="2023-12-23T00:26:34 IST" duration-ms="20" status="PASS">
          <reporter-output>
          </reporter-output>
        </test-method> <!-- get_all_users -->
        <test-method signature="add_Product()[pri:3, instance:capstoneProject_Medicare.GetAllMedicine@5af3afd9]" started-at="2023-12-23T00:26:34 IST" name="add_Product" finished-at="2023-12-23T00:26:34 IST" duration-ms="377" status="PASS">
          <reporter-output>
          </reporter-output>
        </test-method> <!-- add_Product -->
        <test-method signature="update_ProductName()[pri:4, instance:capstoneProject_Medicare.GetAllMedicine@5af3afd9]" started-at="2023-12-23T00:26:34 IST" name="update_ProductName" finished-at="2023-12-23T00:26:34 IST" duration-ms="28" status="PASS">
          <reporter-output>
          </reporter-output>
        </test-method> <!-- update_ProductName -->
        <test-method signature="update_ProductStatus()[pri:5, instance:capstoneProject_Medicare.GetAllMedicine@5af3afd9]" started-at="2023-12-23T00:26:34 IST" name="update_ProductStatus" finished-at="2023-12-23T00:26:34 IST" duration-ms="21" status="PASS">
          <reporter-output>
          </reporter-output>
        </test-method> <!-- update_ProductStatus -->
        <test-method signature="deleteProduct()[pri:6, instance:capstoneProject_Medicare.GetAllMedicine@5af3afd9]" started-at="2023-12-23T00:26:34 IST" name="deleteProduct" finished-at="2023-12-23T00:26:34 IST" duration-ms="28" status="PASS">
          <reporter-output>
          </reporter-output>
        </test-method> <!-- deleteProduct -->
      </class> <!-- capstoneProject_Medicare.GetAllMedicine -->
    </test> <!-- Default test -->
  </suite> <!-- Default suite -->
</testng-results>
